<?xml version="1.0" encoding="UTF-8"?>
<Site BuildName="Linux-g++-10"
	BuildStamp="20230703-0451-Experimental"
	Name="DESKTOP-VQMH7LJ"
	Generator="ctest-3.22.1"
	CompilerName="/usr/bin/g++-10"
	CompilerVersion="10.4.0"
	OSName="Linux"
	Hostname="DESKTOP-VQMH7LJ"
	OSRelease="5.15.90.1-microsoft-standard-WSL2"
	OSVersion="#1 SMP Fri Jan 27 02:56:13 UTC 2023"
	OSPlatform="x86_64"
	Is64Bits="1"
	VendorString="AuthenticAMD"
	VendorID="Advanced Micro Devices"
	FamilyID="25"
	ModelID="33"
	ProcessorCacheSize="512"
	NumberOfLogicalCPU="16"
	NumberOfPhysicalCPU="8"
	TotalVirtualMemory="4096"
	TotalPhysicalMemory="15958"
	LogicalProcessorsPerPhysical="2"
	ProcessorClockFrequency="3400.03"
	>
	<Testing>
		<StartDateTime>Jul 02 21:51 PDT</StartDateTime>
		<StartTestTime>1688359895</StartTestTime>
		<TestList/>
		<EndDateTime>Jul 02 21:51 PDT</EndDateTime>
		<EndTestTime>1688359895</EndTestTime>
		<ElapsedMinutes>0</ElapsedMinutes>
	</Testing>
</Site>
